<?xml version="1.0" encoding="UTF-8"?>
<testsuite name="ru.netology.OrderCardTest" tests="1" skipped="0" failures="0" errors="0" timestamp="2022-07-28T15:18:08" hostname="LAPTOP-VPDMKP8P" time="3.971">
  <properties/>
  <testcase name="testCard1()" classname="ru.netology.OrderCardTest" time="3.971"/>
  <system-out><![CDATA[]]></system-out>
  <system-err><![CDATA[Starting ChromeDriver 103.0.5060.134 (8ec6fce403b3feb0869b0732eda8bd95011d333c-refs/branch-heads/5060@{#1262}) on port 36906
Only local connections are allowed.
Please see https://chromedriver.chromium.org/security-considerations for suggestions on keeping ChromeDriver safe.
ChromeDriver was started successfully.
июл. 28, 2022 6:18:10 PM org.openqa.selenium.remote.ProtocolHandshake createSession
INFO: Detected dialect: W3C
]]></system-err>
</testsuite>
